<?xml version="1.0" encoding="UTF-8"?>
<!-- Generated by org.testng.reporters.JUnitXMLReporter -->
<testsuite ignored="0" hostname="LAPTOP-UQOLB7HM" failures="0" tests="13" name="Test" time="447.808" errors="0" timestamp="2023-07-28T22:32:46 IST">
  <testcase classname="com.testclasses.TC_HP_01" name="loginToAppTest" time="0.329"/>
  <testcase classname="com.testclasses.TC_HP_01" name="verifyLogo" time="0.088"/>
  <testcase classname="com.testclasses.TC_HP_01" name="verifyTitleTest" time="0.729"/>
  <testcase classname="com.testclasses.TC_HP_01" name="verifyUrlTest" time="0.042"/>
  <testcase classname="com.testclasses.InventoryTest" name="addAllProducts" time="16.158"/>
  <testcase classname="com.testclasses.InventoryTest" name="remove2products" time="22.405"/>
  <testcase classname="com.testclasses.InventoryTest" name="verifyFbPresent" time="0.032"/>
  <testcase classname="com.testclasses.InventoryTest" name="verifyLinkedinPresent" time="0.024"/>
  <testcase classname="com.testclasses.InventoryTest" name="verifyLogoPresent" time="0.047"/>
  <testcase classname="com.testclasses.InventoryTest" name="verifyProductLabel" time="0.11"/>
  <testcase classname="com.testclasses.InventoryTest" name="verifyTwitterPresent" time="0.02"/>
  <testcase classname="com.testclasses.ShoppingCartTest" name="verifyCartLabel" time="0.096"/>
  <testcase classname="com.testclasses.ShoppingCartTest" name="verifyCartPageUrl" time="0.056"/>
</testsuite> <!-- Test -->
